Change.log

//------------------------------------------------------------------------------
<<== 0.81 recovered on the internet : version 'GrblElite-0.81' for MEGA2560
Sept. 23, 2013

This code is a copy of an old website disappeared Sept. 19, 2013
https://github.com/EliteEng/grbl who recently reappeared in but with a copy of Grbl-8c
which only manage three axes. These two versions are different.
I just corrected the errors array dimensions.

This Fork is an updated grbl v0.81 for the Arduino Mega2560.

==>> 0.81
//------------------------------------------------------------------------------
<<== 0.81
March 31, 2014

we create a library to work with Arduino-105x

==>> 0.82
//------------------------------------------------------------------------------
<<== 0.82
Apr 02, 2014
- Are published in another repository "Grbl_with_Arduino"

Apr 16, 2014
- Correcting various errors found ...

Apr 17, 2014
- add choice of active level 0 or 1 for Spindle Enable, Spindle Dir, Coolant, Mist

==>> 0.83
//------------------------------------------------------------------------------
<<== 0.83
19-04-2014

The appointed axis C (about Z) is modified in A (around X)
by infobarquée and icare ? french forum “http://forum.arduino.cc”

Modified files:
- gcode.cpp
- limits.cpp
- main.cpp
- nuts_bolts.h + N_AXIS
- nuts_bolts.cpp
- planner.cpp
- protocol.cpp
- settings.cpp
- stepper.cpp

==>> 0.84
//------------------------------------------------------------------------------
<<== 0.84
20-04-2014

- Add file "0.8c:pin.map.h"
- We translate into "pin_map.h" all "# define" the beginning of "config.h"
- Small adjustments ...

==>> 0.841
//------------------------------------------------------------------------------
<== 0.841
21-04-2014

- Added "0.8c: defaults.h"
- Adds "nuts_bolts.h" from "# include" defaults.h "(only use in 0.8c)
-> Compile reports no problems

- You must use the pre-defined references machine example: DEFAULTS_GENERIC
     and add in "config.h"
- Add in "defaults.h" configuration
        #ifdef DEFAULTS_0.84x
        ... // That retrieves the "# define" from "settings.cpp" in which they
            // are put in notes
        #endif
   and "config.h"
        #define DEFAULTS_0.84x
-> Compile reports no problems

     - "Nut_bolts.*" and "settings.cpp" use the definitions of the machine

 - change multiple files: 4 -> N_AXIS
  - In "limits.cpp"
     1 - forgetting the axis A + a_axis
         "double ds = step_event_count/sqrt(x_axis + y_axis + z_axis + a_axis);"
     2 - error counter_x -> counter_a
-> Compile reports no problems

  - Adding in gcode.cpp
     - In switch (letter)
        /// 842
        "case 'G': case 'M': case 'N': break; // Ignore command statements and line numbers"
        /// <-
        /// LETARTARE 'C' -> 'A' and 842 : default
        case 'A': target[A_AXIS] = to_millimeters(value); bit_true(axis_words,bit(A_AXIS)); break;
        default: FAIL(STATUS_UNSUPPORTED_STATEMENT);
        // <-
   - Groups and the structure declaration transferring the "# define" in the
      "gcode.h"

-> Compile reports no problems

  - Add two files replaces writing output "0.8c:report.*"  must be put in
    comments of numerous lines because fields are not defined then we must look
    at what it replaces to use

-> Compile reports no problems

==> 0.842
//------------------------------------------------------------------------------



